<?xml version="1.0" encoding="UTF-8"?>
<testng-results skipped="0" failed="1" ignored="0" total="18" passed="17">
  <reporter-output>
  </reporter-output>
  <suite name="Expedia project" duration-ms="245276" started-at="2022-05-06T16:17:01 IST" finished-at="2022-05-06T16:21:06 IST">
    <groups>
    </groups>
    <test name="ExpediaTravelPage" duration-ms="87439" started-at="2022-05-06T16:17:01 IST" finished-at="2022-05-06T16:18:28 IST">
      <class name="com.ba.Task.tests.TravelPageTest">
        <test-method status="PASS" signature="setup()[pri:0, instance:com.ba.Task.tests.TravelPageTest@50687efb]" name="setup" is-config="true" duration-ms="6737" started-at="2022-05-06T16:17:01 IST" finished-at="2022-05-06T16:17:08 IST">
          <reporter-output>
          </reporter-output>
        </test-method> <!-- setup -->
        <test-method status="PASS" signature="TravelpageTitleTests()[pri:1, instance:com.ba.Task.tests.TravelPageTest@50687efb]" name="TravelpageTitleTests" duration-ms="126" started-at="2022-05-06T16:17:08 IST" finished-at="2022-05-06T16:17:08 IST">
          <reporter-output>
          </reporter-output>
        </test-method> <!-- TravelpageTitleTests -->
        <test-method status="PASS" signature="TravlePageTest()[pri:1, instance:com.ba.Task.tests.TravelPageTest@50687efb]" name="TravlePageTest" duration-ms="4948" started-at="2022-05-06T16:17:08 IST" finished-at="2022-05-06T16:17:13 IST">
          <reporter-output>
          </reporter-output>
        </test-method> <!-- TravlePageTest -->
        <test-method status="PASS" signature="SelectFirstDate()[pri:2, instance:com.ba.Task.tests.TravelPageTest@50687efb]" name="SelectFirstDate" duration-ms="12661" started-at="2022-05-06T16:17:13 IST" finished-at="2022-05-06T16:17:26 IST">
          <reporter-output>
          </reporter-output>
        </test-method> <!-- SelectFirstDate -->
        <test-method status="PASS" signature="selectTraveller()[pri:3, instance:com.ba.Task.tests.TravelPageTest@50687efb]" name="selectTraveller" duration-ms="8352" started-at="2022-05-06T16:17:26 IST" finished-at="2022-05-06T16:17:34 IST">
          <reporter-output>
          </reporter-output>
        </test-method> <!-- selectTraveller -->
        <test-method status="PASS" signature="searchbtn()[pri:4, instance:com.ba.Task.tests.TravelPageTest@50687efb]" name="searchbtn" duration-ms="1589" started-at="2022-05-06T16:17:34 IST" finished-at="2022-05-06T16:17:36 IST">
          <reporter-output>
          </reporter-output>
        </test-method> <!-- searchbtn -->
        <test-method status="PASS" signature="searchClick()[pri:5, instance:com.ba.Task.tests.TravelPageTest@50687efb]" name="searchClick" duration-ms="52782" started-at="2022-05-06T16:17:36 IST" finished-at="2022-05-06T16:18:28 IST">
          <reporter-output>
          </reporter-output>
        </test-method> <!-- searchClick -->
      </class> <!-- com.ba.Task.tests.TravelPageTest -->
    </test> <!-- ExpediaTravelPage -->
    <test name="ExpediaBookingPage" duration-ms="157781" started-at="2022-05-06T16:18:28 IST" finished-at="2022-05-06T16:21:06 IST">
      <class name="com.ba.Task.tests.BookingPageTest">
        <test-method status="PASS" signature="setup()[pri:0, instance:com.ba.Task.tests.BookingPageTest@578524c3]" name="setup" is-config="true" duration-ms="5546" started-at="2022-05-06T16:18:28 IST" finished-at="2022-05-06T16:18:34 IST">
          <reporter-output>
          </reporter-output>
        </test-method> <!-- setup -->
        <test-method status="PASS" signature="bookingPageSetup()[pri:0, instance:com.ba.Task.tests.BookingPageTest@578524c3]" name="bookingPageSetup" is-config="true" duration-ms="78693" started-at="2022-05-06T16:18:34 IST" finished-at="2022-05-06T16:19:53 IST">
          <reporter-output>
          </reporter-output>
        </test-method> <!-- bookingPageSetup -->
        <test-method status="PASS" signature="selectAmount()[pri:1, instance:com.ba.Task.tests.BookingPageTest@578524c3]" name="selectAmount" duration-ms="10518" started-at="2022-05-06T16:19:53 IST" finished-at="2022-05-06T16:20:03 IST">
          <reporter-output>
          </reporter-output>
        </test-method> <!-- selectAmount -->
        <test-method status="PASS" signature="ischeckaAmountExist()[pri:2, instance:com.ba.Task.tests.BookingPageTest@578524c3]" name="ischeckaAmountExist" duration-ms="1601" started-at="2022-05-06T16:20:03 IST" finished-at="2022-05-06T16:20:05 IST">
          <reporter-output>
          </reporter-output>
        </test-method> <!-- ischeckaAmountExist -->
        <test-method status="PASS" signature="ischeckaRatingExist()[pri:3, instance:com.ba.Task.tests.BookingPageTest@578524c3]" name="ischeckaRatingExist" duration-ms="1538" started-at="2022-05-06T16:20:05 IST" finished-at="2022-05-06T16:20:06 IST">
          <reporter-output>
          </reporter-output>
        </test-method> <!-- ischeckaRatingExist -->
        <test-method status="PASS" signature="selectGuestRating()[pri:4, instance:com.ba.Task.tests.BookingPageTest@578524c3]" name="selectGuestRating" duration-ms="8272" started-at="2022-05-06T16:20:06 IST" finished-at="2022-05-06T16:20:15 IST">
          <reporter-output>
          </reporter-output>
        </test-method> <!-- selectGuestRating -->
        <test-method status="PASS" signature="isCheckLunchincluded()[pri:5, instance:com.ba.Task.tests.BookingPageTest@578524c3]" name="isCheckLunchincluded" duration-ms="1548" started-at="2022-05-06T16:20:15 IST" finished-at="2022-05-06T16:20:16 IST">
          <reporter-output>
          </reporter-output>
        </test-method> <!-- isCheckLunchincluded -->
        <test-method status="PASS" signature="selectLunch()[pri:6, instance:com.ba.Task.tests.BookingPageTest@578524c3]" name="selectLunch" duration-ms="8274" started-at="2022-05-06T16:20:16 IST" finished-at="2022-05-06T16:20:24 IST">
          <reporter-output>
          </reporter-output>
        </test-method> <!-- selectLunch -->
        <test-method status="PASS" signature="isCheckDinnerincluded()[pri:7, instance:com.ba.Task.tests.BookingPageTest@578524c3]" name="isCheckDinnerincluded" duration-ms="1555" started-at="2022-05-06T16:20:25 IST" finished-at="2022-05-06T16:20:26 IST">
          <reporter-output>
          </reporter-output>
        </test-method> <!-- isCheckDinnerincluded -->
        <test-method status="PASS" signature="selectDinner()[pri:8, instance:com.ba.Task.tests.BookingPageTest@578524c3]" name="selectDinner" duration-ms="8133" started-at="2022-05-06T16:20:26 IST" finished-at="2022-05-06T16:20:34 IST">
          <reporter-output>
          </reporter-output>
        </test-method> <!-- selectDinner -->
        <test-method status="PASS" signature="selectDropdown()[pri:9, instance:com.ba.Task.tests.BookingPageTest@578524c3]" name="selectDropdown" duration-ms="8291" started-at="2022-05-06T16:20:34 IST" finished-at="2022-05-06T16:20:42 IST">
          <reporter-output>
          </reporter-output>
        </test-method> <!-- selectDropdown -->
        <test-method status="PASS" signature="selectHotelList()[pri:10, instance:com.ba.Task.tests.BookingPageTest@578524c3]" name="selectHotelList" duration-ms="64" started-at="2022-05-06T16:20:43 IST" finished-at="2022-05-06T16:20:43 IST">
          <reporter-output>
          </reporter-output>
        </test-method> <!-- selectHotelList -->
        <test-method status="PASS" signature="cheapesthotels()[pri:11, instance:com.ba.Task.tests.BookingPageTest@578524c3]" name="cheapesthotels" duration-ms="1530" started-at="2022-05-06T16:20:43 IST" finished-at="2022-05-06T16:20:44 IST">
          <reporter-output>
          </reporter-output>
        </test-method> <!-- cheapesthotels -->
        <test-method status="FAIL" signature="clickCheapestHotel()[pri:12, instance:com.ba.Task.tests.BookingPageTest@578524c3]" name="clickCheapestHotel" duration-ms="22146" started-at="2022-05-06T16:20:44 IST" finished-at="2022-05-06T16:21:06 IST">
          <exception class="org.openqa.selenium.NoSuchElementException">
            <message>
              <![CDATA[no such element: Unable to locate element: {"method":"xpath","selector":"//div[@class='uitk-layout-flex uitk-layout-flex-flex-direction-column uitk-layout-flex-item-align-self-flex-end uitk-layout-flex-item uitk-layout-flex-item-flex-basis-third_width uitk-type-right']//button[1]"}
  (Session info: chrome=101.0.4951.54)
For documentation on this error, please visit: https://www.seleniumhq.org/exceptions/no_such_element.html
Build info: version: '3.141.59', revision: 'e82be7d358', time: '2018-11-14T08:17:03'
System info: host: 'LAPTOP-K171VAOP', ip: '192.168.100.41', os.name: 'Windows 10', os.arch: 'amd64', os.version: '10.0', java.version: '1.8.0_202'
Driver info: org.openqa.selenium.chrome.ChromeDriver
Capabilities {acceptInsecureCerts: false, browserName: chrome, browserVersion: 101.0.4951.54, chrome: {chromedriverVersion: 101.0.4951.41 (93c720db8323..., userDataDir: C:\Users\angap\AppData\Loca...}, goog:chromeOptions: {debuggerAddress: localhost:50047}, javascriptEnabled: true, networkConnectionEnabled: false, pageLoadStrategy: normal, platform: WINDOWS, platformName: WINDOWS, proxy: Proxy(), setWindowRect: true, strictFileInteractability: false, timeouts: {implicit: 0, pageLoad: 300000, script: 30000}, unhandledPromptBehavior: dismiss and notify, webauthn:extension:credBlob: true, webauthn:extension:largeBlob: true, webauthn:virtualAuthenticators: true}
Session ID: 5b9715b15b3ea83611a507c476e841ba
*** Element info: {Using=xpath, value=//div[@class='uitk-layout-flex uitk-layout-flex-flex-direction-column uitk-layout-flex-item-align-self-flex-end uitk-layout-flex-item uitk-layout-flex-item-flex-basis-third_width uitk-type-right']//button[1]}]]>
            </message>
            <full-stacktrace>
              <![CDATA[org.openqa.selenium.NoSuchElementException: no such element: Unable to locate element: {"method":"xpath","selector":"//div[@class='uitk-layout-flex uitk-layout-flex-flex-direction-column uitk-layout-flex-item-align-self-flex-end uitk-layout-flex-item uitk-layout-flex-item-flex-basis-third_width uitk-type-right']//button[1]"}
  (Session info: chrome=101.0.4951.54)
For documentation on this error, please visit: https://www.seleniumhq.org/exceptions/no_such_element.html
Build info: version: '3.141.59', revision: 'e82be7d358', time: '2018-11-14T08:17:03'
System info: host: 'LAPTOP-K171VAOP', ip: '192.168.100.41', os.name: 'Windows 10', os.arch: 'amd64', os.version: '10.0', java.version: '1.8.0_202'
Driver info: org.openqa.selenium.chrome.ChromeDriver
Capabilities {acceptInsecureCerts: false, browserName: chrome, browserVersion: 101.0.4951.54, chrome: {chromedriverVersion: 101.0.4951.41 (93c720db8323..., userDataDir: C:\Users\angap\AppData\Loca...}, goog:chromeOptions: {debuggerAddress: localhost:50047}, javascriptEnabled: true, networkConnectionEnabled: false, pageLoadStrategy: normal, platform: WINDOWS, platformName: WINDOWS, proxy: Proxy(), setWindowRect: true, strictFileInteractability: false, timeouts: {implicit: 0, pageLoad: 300000, script: 30000}, unhandledPromptBehavior: dismiss and notify, webauthn:extension:credBlob: true, webauthn:extension:largeBlob: true, webauthn:virtualAuthenticators: true}
Session ID: 5b9715b15b3ea83611a507c476e841ba
*** Element info: {Using=xpath, value=//div[@class='uitk-layout-flex uitk-layout-flex-flex-direction-column uitk-layout-flex-item-align-self-flex-end uitk-layout-flex-item uitk-layout-flex-item-flex-basis-third_width uitk-type-right']//button[1]}
at sun.reflect.NativeConstructorAccessorImpl.newInstance0(Native Method)
at sun.reflect.NativeConstructorAccessorImpl.newInstance(NativeConstructorAccessorImpl.java:62)
at sun.reflect.DelegatingConstructorAccessorImpl.newInstance(DelegatingConstructorAccessorImpl.java:45)
at java.lang.reflect.Constructor.newInstance(Constructor.java:423)
at org.openqa.selenium.remote.http.W3CHttpResponseCodec.createException(W3CHttpResponseCodec.java:187)
at org.openqa.selenium.remote.http.W3CHttpResponseCodec.decode(W3CHttpResponseCodec.java:122)
at org.openqa.selenium.remote.http.W3CHttpResponseCodec.decode(W3CHttpResponseCodec.java:49)
at org.openqa.selenium.remote.HttpCommandExecutor.execute(HttpCommandExecutor.java:158)
at org.openqa.selenium.remote.service.DriverCommandExecutor.execute(DriverCommandExecutor.java:83)
at org.openqa.selenium.remote.RemoteWebDriver.execute(RemoteWebDriver.java:552)
at org.openqa.selenium.remote.RemoteWebDriver.findElement(RemoteWebDriver.java:323)
at org.openqa.selenium.remote.RemoteWebDriver.findElementByXPath(RemoteWebDriver.java:428)
at org.openqa.selenium.By$ByXPath.findElement(By.java:353)
at org.openqa.selenium.remote.RemoteWebDriver.findElement(RemoteWebDriver.java:315)
at com.ba.Task.utils.ElementUtil.getElement(ElementUtil.java:31)
at com.ba.Task.utils.ElementUtil.doDisplayed(ElementUtil.java:67)
at com.ba.Task.pages.ResultPage.Reserve(ResultPage.java:42)
at com.ba.Task.tests.BookingPageTest.clickCheapestHotel(BookingPageTest.java:80)
at sun.reflect.NativeMethodAccessorImpl.invoke0(Native Method)
at sun.reflect.NativeMethodAccessorImpl.invoke(NativeMethodAccessorImpl.java:62)
at sun.reflect.DelegatingMethodAccessorImpl.invoke(DelegatingMethodAccessorImpl.java:43)
at java.lang.reflect.Method.invoke(Method.java:498)
at org.testng.internal.MethodInvocationHelper.invokeMethod(MethodInvocationHelper.java:133)
at org.testng.internal.TestInvoker.invokeMethod(TestInvoker.java:598)
at org.testng.internal.TestInvoker.invokeTestMethod(TestInvoker.java:173)
at org.testng.internal.MethodRunner.runInSequence(MethodRunner.java:46)
at org.testng.internal.TestInvoker$MethodInvocationAgent.invoke(TestInvoker.java:824)
at org.testng.internal.TestInvoker.invokeTestMethods(TestInvoker.java:146)
at org.testng.internal.TestMethodWorker.invokeTestMethods(TestMethodWorker.java:146)
at org.testng.internal.TestMethodWorker.run(TestMethodWorker.java:128)
at java.util.ArrayList.forEach(ArrayList.java:1257)
at org.testng.TestRunner.privateRun(TestRunner.java:794)
at org.testng.TestRunner.run(TestRunner.java:596)
at org.testng.SuiteRunner.runTest(SuiteRunner.java:377)
at org.testng.SuiteRunner.runSequentially(SuiteRunner.java:371)
at org.testng.SuiteRunner.privateRun(SuiteRunner.java:332)
at org.testng.SuiteRunner.run(SuiteRunner.java:276)
at org.testng.SuiteRunnerWorker.runSuite(SuiteRunnerWorker.java:53)
at org.testng.SuiteRunnerWorker.run(SuiteRunnerWorker.java:96)
at org.testng.TestNG.runSuitesSequentially(TestNG.java:1212)
at org.testng.TestNG.runSuitesLocally(TestNG.java:1134)
at org.testng.TestNG.runSuites(TestNG.java:1063)
at org.testng.TestNG.run(TestNG.java:1031)
at org.testng.remote.AbstractRemoteTestNG.run(AbstractRemoteTestNG.java:115)
at org.testng.remote.RemoteTestNG.initAndRun(RemoteTestNG.java:251)
at org.testng.remote.RemoteTestNG.main(RemoteTestNG.java:77)
]]>
            </full-stacktrace>
          </exception> <!-- org.openqa.selenium.NoSuchElementException -->
          <reporter-output>
          </reporter-output>
        </test-method> <!-- clickCheapestHotel -->
      </class> <!-- com.ba.Task.tests.BookingPageTest -->
    </test> <!-- ExpediaBookingPage -->
  </suite> <!-- Expedia project -->
</testng-results>
